<?xml version="1.0" encoding="UTF-8"?>
<!-- Generated by org.testng.reporters.JUnitReportReporter -->
<testsuite hostname="DESKTOP-3BK0EI4" failures="0" tests="1" name="mytestcases" time="0.873" errors="0" timestamp="2023-05-19T18:05:52 EET" skipped="0">
  <testcase classname="mytestcases" name="randomly" time="0.873"/>
  <system-out/>
</testsuite> <!-- mytestcases -->
